Build started 12.08.2013 19:42:40.
     1>Project "E:\projects\AndroidConnector\AndroidConnector\AndroidConnector.vcxproj" on node 2 (build target(s)).
     1>C:\Windows\Microsoft.NET\Framework\v4.0.30319\Microsoft.Common.Targets(983,5): warning MSB3644: The reference assemblies for framework ".NETFramework,Version=v4.0" were not found. To resolve this, install the SDK or Targeting Pack for this framework version or retarget your application to a version of the framework for which you have the SDK or Targeting Pack installed. Note that assemblies will be resolved from the Global Assembly Cache (GAC) and will be used in place of reference assemblies. Therefore your assembly may not be correctly targeted for the framework you intend.
     1>InitializeBuildStatus:
         Creating "Debug\AndroidConnector.unsuccessfulbuild" because "AlwaysCreate" was specified.
       CustomBuild:
         All outputs are up-to-date.
       ClCompile:
         E:\DEV\VisualStudio2010\VC\bin\CL.exe /c /I.\GeneratedFiles /I. /IE:\DEV\Qt\Qt5.1\5.1.0\msvc2010_opengl\include /I.\GeneratedFiles\Debug /IE:\DEV\Qt\Qt5.1\5.1.0\msvc2010_opengl\include\QtCore /IE:\DEV\Qt\Qt5.1\5.1.0\msvc2010_opengl\include\QtGui /IE:\DEV\Qt\Qt5.1\5.1.0\msvc2010_opengl\include\QtNetwork /IE:\DEV\Qt\Qt5.1\5.1.0\msvc2010_opengl\include\QtWidgets /IE:\DEV\Qt\Qt5.1\5.1.0\msvc2010_opengl\include\QtXml /IE:\DEV\Qt\Qt5.1\5.1.0\msvc2010_opengl\include\QtXmlPatterns /Zi /nologo /W1 /WX- /Od /Oy- /D UNICODE /D WIN32 /D WIN64 /D QT_DLL /D QT_CORE_LIB /D QT_GUI_LIB /D QT_NETWORK_LIB /D QT_WIDGETS_LIB /D QT_XML_LIB /D QT_XMLPATTERNS_LIB /Gm- /EHsc /MDd /GS /fp:precise /Zc:wchar_t- /Zc:forScope /Fo"Debug\\" /Fd"Debug\vc100.pdb" /Gd /TP /analyze- /errorReport:prompt XmlParser.cpp
         XmlParser.cpp
         All outputs are up-to-date.
       ResourceCompile:
         All outputs are up-to-date.
       Link:
         E:\DEV\VisualStudio2010\VC\bin\link.exe /ERRORREPORT:PROMPT /OUT:"E:\projects\AndroidConnector\Win32\Debug\\AndroidConnector.exe" /NOLOGO /LIBPATH:E:\DEV\Qt\Qt5.1\5.1.0\msvc2010_opengl\lib qtmaind.lib Qt5Cored.lib Qt5Guid.lib Qt5Networkd.lib Qt5Widgetsd.lib Qt5Xmld.lib Qt5XmlPatternsd.lib kernel32.lib user32.lib gdi32.lib winspool.lib comdlg32.lib advapi32.lib shell32.lib ole32.lib oleaut32.lib uuid.lib odbc32.lib odbccp32.lib /MANIFEST /ManifestFile:"Debug\AndroidConnector.exe.intermediate.manifest" /MANIFESTUAC:"level='asInvoker' uiAccess='false'" /DEBUG /PDB:"E:\projects\AndroidConnector\Win32\Debug\AndroidConnector.pdb" /SUBSYSTEM:WINDOWS /TLBID:1 /DYNAMICBASE /NXCOMPAT /IMPLIB:"E:\projects\AndroidConnector\Win32\Debug\AndroidConnector.lib" /MACHINE:X86 Debug\AndroidConnector.res
         Debug\CommandGenerator.obj
         Debug\moc_MainWindow.obj
         Debug\qrc_MainWindow.obj
         Debug\main.obj
         Debug\MainWindow.obj
         Debug\XmlParser.obj
         LINK : E:\projects\AndroidConnector\Win32\Debug\\AndroidConnector.exe not found or not built by the last incremental link; performing full link
         AndroidConnector.vcxproj -> E:\projects\AndroidConnector\Win32\Debug\AndroidConnector.exe
       Manifest:
         C:\Program Files (x86)\Microsoft SDKs\Windows\v7.0A\bin\mt.exe /nologo /verbose /outputresource:"E:\projects\AndroidConnector\Win32\Debug\\AndroidConnector.exe;#1" /manifest Debug\AndroidConnector.exe.intermediate.manifest
       FinalizeBuildStatus:
         Deleting file "Debug\AndroidConnector.unsuccessfulbuild".
         Touching "Debug\AndroidConnector.lastbuildstate".
     1>Done Building Project "E:\projects\AndroidConnector\AndroidConnector\AndroidConnector.vcxproj" (build target(s)).

Build succeeded.

Time Elapsed 00:00:01.70
